2025-01-09 11:20:21 [JavaFX Application Thread] INFO  org.example.FileSudokuBoardDao - Directory already exists: C:\Users\XENO\Downloads
2025-01-09 11:20:21 [JavaFX Application Thread] INFO  org.example.FileSudokuBoardDao - Streams successfully closed.
2025-01-14 20:04:22 [JavaFX Application Thread] INFO  org.example.FileSudokuBoardDao - Directory already exists: C:\Users\lukas\Downloads
2025-01-14 20:04:22 [JavaFX Application Thread] INFO  org.example.FileSudokuBoardDao - Streams successfully closed.
2025-01-14 20:22:14 [JavaFX Application Thread] INFO  org.example.FileSudokuBoardDao - Directory already exists: C:\Users\lukas\Downloads
2025-01-14 20:22:15 [JavaFX Application Thread] INFO  org.example.FileSudokuBoardDao - Streams successfully closed.
2025-01-14 21:22:50 [JavaFX Application Thread] INFO  org.example.FileSudokuBoardDao - Directory already exists: C:\Users\lukas\Downloads
2025-01-14 21:22:51 [JavaFX Application Thread] INFO  org.example.FileSudokuBoardDao - Streams successfully closed.
2025-01-14 21:38:14 [JavaFX Application Thread] INFO  org.example.FileSudokuBoardDao - Directory already exists: C:\Users\lukas\Downloads
2025-01-14 21:38:14 [JavaFX Application Thread] INFO  org.example.FileSudokuBoardDao - Streams successfully closed.
2025-01-15 21:43:03 [JavaFX Application Thread] INFO  org.example.FileSudokuBoardDao - Directory already exists: C:\Users\lukas\Downloads
2025-01-15 21:45:59 [JavaFX Application Thread] INFO  org.example.FileSudokuBoardDao - Directory already exists: C:\Users\lukas\Downloads
2025-01-15 21:57:28 [JavaFX Application Thread] INFO  org.example.FileSudokuBoardDao - Directory already exists: C:\Users\lukas\Downloads
2025-01-15 21:57:49 [JavaFX Application Thread] INFO  org.example.FileSudokuBoardDao - Directory already exists: C:\Users\lukas\Downloads
2025-01-15 22:01:50 [JavaFX Application Thread] INFO  org.example.FileSudokuBoardDao - Directory already exists: C:\Users\lukas\Downloads
2025-01-15 22:02:54 [JavaFX Application Thread] INFO  org.example.FileSudokuBoardDao - Directory already exists: C:\Users\lukas\Downloads
2025-01-15 22:05:13 [JavaFX Application Thread] INFO  org.example.FileSudokuBoardDao - Directory already exists: C:\Users\lukas\Downloads
2025-01-15 22:10:38 [JavaFX Application Thread] INFO  org.example.FileSudokuBoardDao - Directory already exists: C:\Users\lukas\Downloads
2025-01-15 22:10:39 [JavaFX Application Thread] INFO  org.example.JdbcSudokuBoardDao - Inserts created
2025-01-15 22:10:39 [JavaFX Application Thread] INFO  org.example.JdbcSudokuBoardDao - statements prepared
2025-01-15 22:10:39 [JavaFX Application Thread] INFO  org.example.JdbcSudokuBoardDao - Added field
2025-01-15 22:10:39 [JavaFX Application Thread] INFO  org.example.JdbcSudokuBoardDao - Added field
2025-01-15 22:10:39 [JavaFX Application Thread] INFO  org.example.JdbcSudokuBoardDao - Added field
2025-01-15 22:10:39 [JavaFX Application Thread] INFO  org.example.JdbcSudokuBoardDao - Added field
2025-01-15 22:10:39 [JavaFX Application Thread] INFO  org.example.JdbcSudokuBoardDao - Added field
2025-01-15 22:10:39 [JavaFX Application Thread] INFO  org.example.JdbcSudokuBoardDao - Added field
2025-01-15 22:10:39 [JavaFX Application Thread] INFO  org.example.JdbcSudokuBoardDao - Added field
2025-01-15 22:10:39 [JavaFX Application Thread] INFO  org.example.JdbcSudokuBoardDao - Added field
2025-01-15 22:10:39 [JavaFX Application Thread] INFO  org.example.JdbcSudokuBoardDao - Added field
2025-01-15 22:10:39 [JavaFX Application Thread] INFO  org.example.JdbcSudokuBoardDao - Added field
2025-01-15 22:10:39 [JavaFX Application Thread] INFO  org.example.JdbcSudokuBoardDao - Added field
2025-01-15 22:10:39 [JavaFX Application Thread] INFO  org.example.JdbcSudokuBoardDao - Added field
2025-01-15 22:10:39 [JavaFX Application Thread] INFO  org.example.JdbcSudokuBoardDao - Added field
2025-01-15 22:10:39 [JavaFX Application Thread] INFO  org.example.JdbcSudokuBoardDao - Added field
2025-01-15 22:10:39 [JavaFX Application Thread] INFO  org.example.JdbcSudokuBoardDao - Added field
2025-01-15 22:10:39 [JavaFX Application Thread] INFO  org.example.JdbcSudokuBoardDao - Added field
2025-01-15 22:10:39 [JavaFX Application Thread] INFO  org.example.JdbcSudokuBoardDao - Added field
2025-01-15 22:10:39 [JavaFX Application Thread] INFO  org.example.JdbcSudokuBoardDao - Added field
2025-01-15 22:10:39 [JavaFX Application Thread] INFO  org.example.JdbcSudokuBoardDao - Added field
2025-01-15 22:10:39 [JavaFX Application Thread] INFO  org.example.JdbcSudokuBoardDao - Added field
2025-01-15 22:10:39 [JavaFX Application Thread] INFO  org.example.JdbcSudokuBoardDao - Added field
2025-01-15 22:10:39 [JavaFX Application Thread] INFO  org.example.JdbcSudokuBoardDao - Added field
2025-01-15 22:10:39 [JavaFX Application Thread] INFO  org.example.JdbcSudokuBoardDao - Added field
2025-01-15 22:10:39 [JavaFX Application Thread] INFO  org.example.JdbcSudokuBoardDao - Added field
2025-01-15 22:10:39 [JavaFX Application Thread] INFO  org.example.JdbcSudokuBoardDao - Added field
2025-01-15 22:10:39 [JavaFX Application Thread] INFO  org.example.JdbcSudokuBoardDao - Added field
2025-01-15 22:10:39 [JavaFX Application Thread] INFO  org.example.JdbcSudokuBoardDao - Added field
2025-01-15 22:10:39 [JavaFX Application Thread] INFO  org.example.JdbcSudokuBoardDao - Added field
2025-01-15 22:10:39 [JavaFX Application Thread] INFO  org.example.JdbcSudokuBoardDao - Added field
2025-01-15 22:10:39 [JavaFX Application Thread] INFO  org.example.JdbcSudokuBoardDao - Added field
2025-01-15 22:10:39 [JavaFX Application Thread] INFO  org.example.JdbcSudokuBoardDao - Added field
2025-01-15 22:10:39 [JavaFX Application Thread] INFO  org.example.JdbcSudokuBoardDao - Added field
2025-01-15 22:10:39 [JavaFX Application Thread] INFO  org.example.JdbcSudokuBoardDao - Added field
2025-01-15 22:10:39 [JavaFX Application Thread] INFO  org.example.JdbcSudokuBoardDao - Added field
2025-01-15 22:10:39 [JavaFX Application Thread] INFO  org.example.JdbcSudokuBoardDao - Added field
2025-01-15 22:10:39 [JavaFX Application Thread] INFO  org.example.JdbcSudokuBoardDao - Added field
2025-01-15 22:10:39 [JavaFX Application Thread] INFO  org.example.JdbcSudokuBoardDao - Added field
2025-01-15 22:10:39 [JavaFX Application Thread] INFO  org.example.JdbcSudokuBoardDao - Added field
2025-01-15 22:10:39 [JavaFX Application Thread] INFO  org.example.JdbcSudokuBoardDao - Added field
2025-01-15 22:10:39 [JavaFX Application Thread] INFO  org.example.JdbcSudokuBoardDao - Added field
2025-01-15 22:10:39 [JavaFX Application Thread] INFO  org.example.JdbcSudokuBoardDao - Added field
2025-01-15 22:10:39 [JavaFX Application Thread] INFO  org.example.JdbcSudokuBoardDao - Added field
2025-01-15 22:10:39 [JavaFX Application Thread] INFO  org.example.JdbcSudokuBoardDao - Added field
2025-01-15 22:10:39 [JavaFX Application Thread] INFO  org.example.JdbcSudokuBoardDao - Added field
2025-01-15 22:10:39 [JavaFX Application Thread] INFO  org.example.JdbcSudokuBoardDao - Added field
2025-01-15 22:10:39 [JavaFX Application Thread] INFO  org.example.JdbcSudokuBoardDao - Added field
2025-01-15 22:10:39 [JavaFX Application Thread] INFO  org.example.JdbcSudokuBoardDao - Added field
2025-01-15 22:10:39 [JavaFX Application Thread] INFO  org.example.JdbcSudokuBoardDao - Added field
2025-01-15 22:10:39 [JavaFX Application Thread] INFO  org.example.JdbcSudokuBoardDao - Added field
2025-01-15 22:10:39 [JavaFX Application Thread] INFO  org.example.JdbcSudokuBoardDao - Added field
2025-01-15 22:10:39 [JavaFX Application Thread] INFO  org.example.JdbcSudokuBoardDao - Added field
2025-01-15 22:10:39 [JavaFX Application Thread] INFO  org.example.JdbcSudokuBoardDao - Added field
2025-01-15 22:10:39 [JavaFX Application Thread] INFO  org.example.JdbcSudokuBoardDao - Added field
2025-01-15 22:10:39 [JavaFX Application Thread] INFO  org.example.JdbcSudokuBoardDao - Added field
2025-01-15 22:10:39 [JavaFX Application Thread] INFO  org.example.JdbcSudokuBoardDao - Added field
2025-01-15 22:10:39 [JavaFX Application Thread] INFO  org.example.JdbcSudokuBoardDao - Added field
2025-01-15 22:10:39 [JavaFX Application Thread] INFO  org.example.JdbcSudokuBoardDao - Added field
2025-01-15 22:10:39 [JavaFX Application Thread] INFO  org.example.JdbcSudokuBoardDao - Added field
2025-01-15 22:10:39 [JavaFX Application Thread] INFO  org.example.JdbcSudokuBoardDao - Added field
2025-01-15 22:10:39 [JavaFX Application Thread] INFO  org.example.JdbcSudokuBoardDao - Added field
2025-01-15 22:10:39 [JavaFX Application Thread] INFO  org.example.JdbcSudokuBoardDao - Added field
2025-01-15 22:10:39 [JavaFX Application Thread] INFO  org.example.JdbcSudokuBoardDao - Added field
2025-01-15 22:10:39 [JavaFX Application Thread] INFO  org.example.JdbcSudokuBoardDao - Added field
2025-01-15 22:10:39 [JavaFX Application Thread] INFO  org.example.JdbcSudokuBoardDao - Added field
2025-01-15 22:10:39 [JavaFX Application Thread] INFO  org.example.JdbcSudokuBoardDao - Added field
2025-01-15 22:10:39 [JavaFX Application Thread] INFO  org.example.JdbcSudokuBoardDao - Added field
2025-01-15 22:10:39 [JavaFX Application Thread] INFO  org.example.JdbcSudokuBoardDao - Added field
2025-01-15 22:10:39 [JavaFX Application Thread] INFO  org.example.JdbcSudokuBoardDao - Added field
2025-01-15 22:10:39 [JavaFX Application Thread] INFO  org.example.JdbcSudokuBoardDao - Added field
2025-01-15 22:10:39 [JavaFX Application Thread] INFO  org.example.JdbcSudokuBoardDao - Added field
2025-01-15 22:10:39 [JavaFX Application Thread] INFO  org.example.JdbcSudokuBoardDao - Added field
2025-01-15 22:10:39 [JavaFX Application Thread] INFO  org.example.JdbcSudokuBoardDao - Added field
2025-01-15 22:10:39 [JavaFX Application Thread] INFO  org.example.JdbcSudokuBoardDao - Added field
2025-01-15 22:10:39 [JavaFX Application Thread] INFO  org.example.JdbcSudokuBoardDao - Added field
2025-01-15 22:10:39 [JavaFX Application Thread] INFO  org.example.JdbcSudokuBoardDao - Added field
2025-01-15 22:10:39 [JavaFX Application Thread] INFO  org.example.JdbcSudokuBoardDao - Added field
2025-01-15 22:10:39 [JavaFX Application Thread] INFO  org.example.JdbcSudokuBoardDao - Added field
2025-01-15 22:10:39 [JavaFX Application Thread] INFO  org.example.JdbcSudokuBoardDao - Added field
2025-01-15 22:10:39 [JavaFX Application Thread] INFO  org.example.JdbcSudokuBoardDao - Added field
2025-01-15 22:10:39 [JavaFX Application Thread] INFO  org.example.JdbcSudokuBoardDao - Added field
2025-01-15 22:10:39 [JavaFX Application Thread] INFO  org.example.JdbcSudokuBoardDao - Added field
2025-01-15 22:17:52 [JavaFX Application Thread] INFO  org.example.FileSudokuBoardDao - Directory already exists: C:\Users\lukas\Downloads
2025-01-15 22:17:52 [JavaFX Application Thread] INFO  org.example.JdbcSudokuBoardDao - Inserts created
2025-01-15 22:17:52 [JavaFX Application Thread] INFO  org.example.JdbcSudokuBoardDao - statements prepared
2025-01-15 22:17:52 [JavaFX Application Thread] INFO  org.example.JdbcSudokuBoardDao - Added field
2025-01-15 22:17:52 [JavaFX Application Thread] INFO  org.example.JdbcSudokuBoardDao - Added field
2025-01-15 22:17:52 [JavaFX Application Thread] INFO  org.example.JdbcSudokuBoardDao - Added field
2025-01-15 22:17:52 [JavaFX Application Thread] INFO  org.example.JdbcSudokuBoardDao - Added field
2025-01-15 22:17:52 [JavaFX Application Thread] INFO  org.example.JdbcSudokuBoardDao - Added field
2025-01-15 22:17:52 [JavaFX Application Thread] INFO  org.example.JdbcSudokuBoardDao - Added field
2025-01-15 22:17:52 [JavaFX Application Thread] INFO  org.example.JdbcSudokuBoardDao - Added field
2025-01-15 22:17:52 [JavaFX Application Thread] INFO  org.example.JdbcSudokuBoardDao - Added field
2025-01-15 22:17:52 [JavaFX Application Thread] INFO  org.example.JdbcSudokuBoardDao - Added field
2025-01-15 22:17:52 [JavaFX Application Thread] INFO  org.example.JdbcSudokuBoardDao - Added field
2025-01-15 22:17:52 [JavaFX Application Thread] INFO  org.example.JdbcSudokuBoardDao - Added field
2025-01-15 22:17:52 [JavaFX Application Thread] INFO  org.example.JdbcSudokuBoardDao - Added field
2025-01-15 22:17:52 [JavaFX Application Thread] INFO  org.example.JdbcSudokuBoardDao - Added field
2025-01-15 22:17:52 [JavaFX Application Thread] INFO  org.example.JdbcSudokuBoardDao - Added field
2025-01-15 22:17:52 [JavaFX Application Thread] INFO  org.example.JdbcSudokuBoardDao - Added field
2025-01-15 22:17:52 [JavaFX Application Thread] INFO  org.example.JdbcSudokuBoardDao - Added field
2025-01-15 22:17:52 [JavaFX Application Thread] INFO  org.example.JdbcSudokuBoardDao - Added field
2025-01-15 22:17:52 [JavaFX Application Thread] INFO  org.example.JdbcSudokuBoardDao - Added field
2025-01-15 22:17:52 [JavaFX Application Thread] INFO  org.example.JdbcSudokuBoardDao - Added field
2025-01-15 22:17:52 [JavaFX Application Thread] INFO  org.example.JdbcSudokuBoardDao - Added field
2025-01-15 22:17:52 [JavaFX Application Thread] INFO  org.example.JdbcSudokuBoardDao - Added field
2025-01-15 22:17:52 [JavaFX Application Thread] INFO  org.example.JdbcSudokuBoardDao - Added field
2025-01-15 22:17:52 [JavaFX Application Thread] INFO  org.example.JdbcSudokuBoardDao - Added field
2025-01-15 22:17:52 [JavaFX Application Thread] INFO  org.example.JdbcSudokuBoardDao - Added field
2025-01-15 22:17:52 [JavaFX Application Thread] INFO  org.example.JdbcSudokuBoardDao - Added field
2025-01-15 22:17:52 [JavaFX Application Thread] INFO  org.example.JdbcSudokuBoardDao - Added field
2025-01-15 22:17:52 [JavaFX Application Thread] INFO  org.example.JdbcSudokuBoardDao - Added field
2025-01-15 22:17:52 [JavaFX Application Thread] INFO  org.example.JdbcSudokuBoardDao - Added field
2025-01-15 22:17:52 [JavaFX Application Thread] INFO  org.example.JdbcSudokuBoardDao - Added field
2025-01-15 22:17:52 [JavaFX Application Thread] INFO  org.example.JdbcSudokuBoardDao - Added field
2025-01-15 22:17:52 [JavaFX Application Thread] INFO  org.example.JdbcSudokuBoardDao - Added field
2025-01-15 22:17:52 [JavaFX Application Thread] INFO  org.example.JdbcSudokuBoardDao - Added field
2025-01-15 22:17:52 [JavaFX Application Thread] INFO  org.example.JdbcSudokuBoardDao - Added field
2025-01-15 22:17:52 [JavaFX Application Thread] INFO  org.example.JdbcSudokuBoardDao - Added field
2025-01-15 22:17:52 [JavaFX Application Thread] INFO  org.example.JdbcSudokuBoardDao - Added field
2025-01-15 22:17:52 [JavaFX Application Thread] INFO  org.example.JdbcSudokuBoardDao - Added field
2025-01-15 22:17:52 [JavaFX Application Thread] INFO  org.example.JdbcSudokuBoardDao - Added field
2025-01-15 22:17:52 [JavaFX Application Thread] INFO  org.example.JdbcSudokuBoardDao - Added field
2025-01-15 22:17:52 [JavaFX Application Thread] INFO  org.example.JdbcSudokuBoardDao - Added field
2025-01-15 22:17:52 [JavaFX Application Thread] INFO  org.example.JdbcSudokuBoardDao - Added field
2025-01-15 22:17:52 [JavaFX Application Thread] INFO  org.example.JdbcSudokuBoardDao - Added field
2025-01-15 22:17:52 [JavaFX Application Thread] INFO  org.example.JdbcSudokuBoardDao - Added field
2025-01-15 22:17:52 [JavaFX Application Thread] INFO  org.example.JdbcSudokuBoardDao - Added field
2025-01-15 22:17:52 [JavaFX Application Thread] INFO  org.example.JdbcSudokuBoardDao - Added field
2025-01-15 22:17:52 [JavaFX Application Thread] INFO  org.example.JdbcSudokuBoardDao - Added field
2025-01-15 22:17:52 [JavaFX Application Thread] INFO  org.example.JdbcSudokuBoardDao - Added field
2025-01-15 22:17:52 [JavaFX Application Thread] INFO  org.example.JdbcSudokuBoardDao - Added field
2025-01-15 22:17:52 [JavaFX Application Thread] INFO  org.example.JdbcSudokuBoardDao - Added field
2025-01-15 22:17:52 [JavaFX Application Thread] INFO  org.example.JdbcSudokuBoardDao - Added field
2025-01-15 22:17:52 [JavaFX Application Thread] INFO  org.example.JdbcSudokuBoardDao - Added field
2025-01-15 22:17:52 [JavaFX Application Thread] INFO  org.example.JdbcSudokuBoardDao - Added field
2025-01-15 22:17:52 [JavaFX Application Thread] INFO  org.example.JdbcSudokuBoardDao - Added field
2025-01-15 22:17:52 [JavaFX Application Thread] INFO  org.example.JdbcSudokuBoardDao - Added field
2025-01-15 22:17:52 [JavaFX Application Thread] INFO  org.example.JdbcSudokuBoardDao - Added field
2025-01-15 22:17:52 [JavaFX Application Thread] INFO  org.example.JdbcSudokuBoardDao - Added field
2025-01-15 22:17:52 [JavaFX Application Thread] INFO  org.example.JdbcSudokuBoardDao - Added field
2025-01-15 22:17:52 [JavaFX Application Thread] INFO  org.example.JdbcSudokuBoardDao - Added field
2025-01-15 22:17:52 [JavaFX Application Thread] INFO  org.example.JdbcSudokuBoardDao - Added field
2025-01-15 22:17:52 [JavaFX Application Thread] INFO  org.example.JdbcSudokuBoardDao - Added field
2025-01-15 22:17:52 [JavaFX Application Thread] INFO  org.example.JdbcSudokuBoardDao - Added field
2025-01-15 22:17:52 [JavaFX Application Thread] INFO  org.example.JdbcSudokuBoardDao - Added field
2025-01-15 22:17:52 [JavaFX Application Thread] INFO  org.example.JdbcSudokuBoardDao - Added field
2025-01-15 22:17:52 [JavaFX Application Thread] INFO  org.example.JdbcSudokuBoardDao - Added field
2025-01-15 22:17:52 [JavaFX Application Thread] INFO  org.example.JdbcSudokuBoardDao - Added field
2025-01-15 22:17:52 [JavaFX Application Thread] INFO  org.example.JdbcSudokuBoardDao - Added field
2025-01-15 22:17:52 [JavaFX Application Thread] INFO  org.example.JdbcSudokuBoardDao - Added field
2025-01-15 22:17:52 [JavaFX Application Thread] INFO  org.example.JdbcSudokuBoardDao - Added field
2025-01-15 22:17:52 [JavaFX Application Thread] INFO  org.example.JdbcSudokuBoardDao - Added field
2025-01-15 22:17:52 [JavaFX Application Thread] INFO  org.example.JdbcSudokuBoardDao - Added field
2025-01-15 22:17:52 [JavaFX Application Thread] INFO  org.example.JdbcSudokuBoardDao - Added field
2025-01-15 22:17:52 [JavaFX Application Thread] INFO  org.example.JdbcSudokuBoardDao - Added field
2025-01-15 22:17:52 [JavaFX Application Thread] INFO  org.example.JdbcSudokuBoardDao - Added field
2025-01-15 22:17:52 [JavaFX Application Thread] INFO  org.example.JdbcSudokuBoardDao - Added field
2025-01-15 22:17:52 [JavaFX Application Thread] INFO  org.example.JdbcSudokuBoardDao - Added field
2025-01-15 22:17:52 [JavaFX Application Thread] INFO  org.example.JdbcSudokuBoardDao - Added field
2025-01-15 22:17:52 [JavaFX Application Thread] INFO  org.example.JdbcSudokuBoardDao - Added field
2025-01-15 22:17:52 [JavaFX Application Thread] INFO  org.example.JdbcSudokuBoardDao - Added field
2025-01-15 22:17:52 [JavaFX Application Thread] INFO  org.example.JdbcSudokuBoardDao - Added field
2025-01-15 22:17:52 [JavaFX Application Thread] INFO  org.example.JdbcSudokuBoardDao - Added field
2025-01-15 22:17:52 [JavaFX Application Thread] INFO  org.example.JdbcSudokuBoardDao - Added field
2025-01-15 22:17:52 [JavaFX Application Thread] INFO  org.example.JdbcSudokuBoardDao - Added field
2025-01-15 22:21:08 [JavaFX Application Thread] INFO  org.example.FileSudokuBoardDao - Directory already exists: C:\Users\lukas\Downloads
2025-01-15 22:21:08 [JavaFX Application Thread] INFO  org.example.JdbcSudokuBoardDao - Inserts created
2025-01-15 22:21:08 [JavaFX Application Thread] INFO  org.example.JdbcSudokuBoardDao - statements prepared
2025-01-15 22:21:08 [JavaFX Application Thread] INFO  org.example.JdbcSudokuBoardDao - Added field
2025-01-15 22:21:08 [JavaFX Application Thread] INFO  org.example.JdbcSudokuBoardDao - Added field
2025-01-15 22:21:08 [JavaFX Application Thread] INFO  org.example.JdbcSudokuBoardDao - Added field
2025-01-15 22:21:08 [JavaFX Application Thread] INFO  org.example.JdbcSudokuBoardDao - Added field
2025-01-15 22:21:08 [JavaFX Application Thread] INFO  org.example.JdbcSudokuBoardDao - Added field
2025-01-15 22:21:08 [JavaFX Application Thread] INFO  org.example.JdbcSudokuBoardDao - Added field
2025-01-15 22:21:08 [JavaFX Application Thread] INFO  org.example.JdbcSudokuBoardDao - Added field
2025-01-15 22:21:08 [JavaFX Application Thread] INFO  org.example.JdbcSudokuBoardDao - Added field
2025-01-15 22:21:08 [JavaFX Application Thread] INFO  org.example.JdbcSudokuBoardDao - Added field
2025-01-15 22:21:08 [JavaFX Application Thread] INFO  org.example.JdbcSudokuBoardDao - Added field
2025-01-15 22:21:08 [JavaFX Application Thread] INFO  org.example.JdbcSudokuBoardDao - Added field
2025-01-15 22:21:08 [JavaFX Application Thread] INFO  org.example.JdbcSudokuBoardDao - Added field
2025-01-15 22:21:08 [JavaFX Application Thread] INFO  org.example.JdbcSudokuBoardDao - Added field
2025-01-15 22:21:08 [JavaFX Application Thread] INFO  org.example.JdbcSudokuBoardDao - Added field
2025-01-15 22:21:08 [JavaFX Application Thread] INFO  org.example.JdbcSudokuBoardDao - Added field
2025-01-15 22:21:08 [JavaFX Application Thread] INFO  org.example.JdbcSudokuBoardDao - Added field
2025-01-15 22:21:08 [JavaFX Application Thread] INFO  org.example.JdbcSudokuBoardDao - Added field
2025-01-15 22:21:08 [JavaFX Application Thread] INFO  org.example.JdbcSudokuBoardDao - Added field
2025-01-15 22:21:08 [JavaFX Application Thread] INFO  org.example.JdbcSudokuBoardDao - Added field
2025-01-15 22:21:08 [JavaFX Application Thread] INFO  org.example.JdbcSudokuBoardDao - Added field
2025-01-15 22:21:08 [JavaFX Application Thread] INFO  org.example.JdbcSudokuBoardDao - Added field
2025-01-15 22:21:08 [JavaFX Application Thread] INFO  org.example.JdbcSudokuBoardDao - Added field
2025-01-15 22:21:08 [JavaFX Application Thread] INFO  org.example.JdbcSudokuBoardDao - Added field
2025-01-15 22:21:08 [JavaFX Application Thread] INFO  org.example.JdbcSudokuBoardDao - Added field
2025-01-15 22:21:08 [JavaFX Application Thread] INFO  org.example.JdbcSudokuBoardDao - Added field
2025-01-15 22:21:08 [JavaFX Application Thread] INFO  org.example.JdbcSudokuBoardDao - Added field
2025-01-15 22:21:08 [JavaFX Application Thread] INFO  org.example.JdbcSudokuBoardDao - Added field
2025-01-15 22:21:08 [JavaFX Application Thread] INFO  org.example.JdbcSudokuBoardDao - Added field
2025-01-15 22:21:08 [JavaFX Application Thread] INFO  org.example.JdbcSudokuBoardDao - Added field
2025-01-15 22:21:08 [JavaFX Application Thread] INFO  org.example.JdbcSudokuBoardDao - Added field
2025-01-15 22:21:08 [JavaFX Application Thread] INFO  org.example.JdbcSudokuBoardDao - Added field
2025-01-15 22:21:08 [JavaFX Application Thread] INFO  org.example.JdbcSudokuBoardDao - Added field
2025-01-15 22:21:08 [JavaFX Application Thread] INFO  org.example.JdbcSudokuBoardDao - Added field
2025-01-15 22:21:08 [JavaFX Application Thread] INFO  org.example.JdbcSudokuBoardDao - Added field
2025-01-15 22:21:08 [JavaFX Application Thread] INFO  org.example.JdbcSudokuBoardDao - Added field
2025-01-15 22:21:08 [JavaFX Application Thread] INFO  org.example.JdbcSudokuBoardDao - Added field
2025-01-15 22:21:08 [JavaFX Application Thread] INFO  org.example.JdbcSudokuBoardDao - Added field
2025-01-15 22:21:08 [JavaFX Application Thread] INFO  org.example.JdbcSudokuBoardDao - Added field
2025-01-15 22:21:08 [JavaFX Application Thread] INFO  org.example.JdbcSudokuBoardDao - Added field
2025-01-15 22:21:08 [JavaFX Application Thread] INFO  org.example.JdbcSudokuBoardDao - Added field
2025-01-15 22:21:08 [JavaFX Application Thread] INFO  org.example.JdbcSudokuBoardDao - Added field
2025-01-15 22:21:08 [JavaFX Application Thread] INFO  org.example.JdbcSudokuBoardDao - Added field
2025-01-15 22:21:08 [JavaFX Application Thread] INFO  org.example.JdbcSudokuBoardDao - Added field
2025-01-15 22:21:08 [JavaFX Application Thread] INFO  org.example.JdbcSudokuBoardDao - Added field
2025-01-15 22:21:08 [JavaFX Application Thread] INFO  org.example.JdbcSudokuBoardDao - Added field
2025-01-15 22:21:08 [JavaFX Application Thread] INFO  org.example.JdbcSudokuBoardDao - Added field
2025-01-15 22:21:08 [JavaFX Application Thread] INFO  org.example.JdbcSudokuBoardDao - Added field
2025-01-15 22:21:08 [JavaFX Application Thread] INFO  org.example.JdbcSudokuBoardDao - Added field
2025-01-15 22:21:08 [JavaFX Application Thread] INFO  org.example.JdbcSudokuBoardDao - Added field
2025-01-15 22:21:08 [JavaFX Application Thread] INFO  org.example.JdbcSudokuBoardDao - Added field
2025-01-15 22:21:08 [JavaFX Application Thread] INFO  org.example.JdbcSudokuBoardDao - Added field
2025-01-15 22:21:08 [JavaFX Application Thread] INFO  org.example.JdbcSudokuBoardDao - Added field
2025-01-15 22:21:08 [JavaFX Application Thread] INFO  org.example.JdbcSudokuBoardDao - Added field
2025-01-15 22:21:08 [JavaFX Application Thread] INFO  org.example.JdbcSudokuBoardDao - Added field
2025-01-15 22:21:08 [JavaFX Application Thread] INFO  org.example.JdbcSudokuBoardDao - Added field
2025-01-15 22:21:08 [JavaFX Application Thread] INFO  org.example.JdbcSudokuBoardDao - Added field
2025-01-15 22:21:08 [JavaFX Application Thread] INFO  org.example.JdbcSudokuBoardDao - Added field
2025-01-15 22:21:08 [JavaFX Application Thread] INFO  org.example.JdbcSudokuBoardDao - Added field
2025-01-15 22:21:08 [JavaFX Application Thread] INFO  org.example.JdbcSudokuBoardDao - Added field
2025-01-15 22:21:08 [JavaFX Application Thread] INFO  org.example.JdbcSudokuBoardDao - Added field
2025-01-15 22:21:08 [JavaFX Application Thread] INFO  org.example.JdbcSudokuBoardDao - Added field
2025-01-15 22:21:08 [JavaFX Application Thread] INFO  org.example.JdbcSudokuBoardDao - Added field
2025-01-15 22:21:08 [JavaFX Application Thread] INFO  org.example.JdbcSudokuBoardDao - Added field
2025-01-15 22:21:08 [JavaFX Application Thread] INFO  org.example.JdbcSudokuBoardDao - Added field
2025-01-15 22:21:08 [JavaFX Application Thread] INFO  org.example.JdbcSudokuBoardDao - Added field
2025-01-15 22:21:08 [JavaFX Application Thread] INFO  org.example.JdbcSudokuBoardDao - Added field
2025-01-15 22:21:08 [JavaFX Application Thread] INFO  org.example.JdbcSudokuBoardDao - Added field
2025-01-15 22:21:08 [JavaFX Application Thread] INFO  org.example.JdbcSudokuBoardDao - Added field
2025-01-15 22:21:08 [JavaFX Application Thread] INFO  org.example.JdbcSudokuBoardDao - Added field
2025-01-15 22:21:08 [JavaFX Application Thread] INFO  org.example.JdbcSudokuBoardDao - Added field
2025-01-15 22:21:08 [JavaFX Application Thread] INFO  org.example.JdbcSudokuBoardDao - Added field
2025-01-15 22:21:08 [JavaFX Application Thread] INFO  org.example.JdbcSudokuBoardDao - Added field
2025-01-15 22:21:08 [JavaFX Application Thread] INFO  org.example.JdbcSudokuBoardDao - Added field
2025-01-15 22:21:08 [JavaFX Application Thread] INFO  org.example.JdbcSudokuBoardDao - Added field
2025-01-15 22:21:08 [JavaFX Application Thread] INFO  org.example.JdbcSudokuBoardDao - Added field
2025-01-15 22:21:08 [JavaFX Application Thread] INFO  org.example.JdbcSudokuBoardDao - Added field
2025-01-15 22:21:08 [JavaFX Application Thread] INFO  org.example.JdbcSudokuBoardDao - Added field
2025-01-15 22:21:08 [JavaFX Application Thread] INFO  org.example.JdbcSudokuBoardDao - Added field
2025-01-15 22:21:08 [JavaFX Application Thread] INFO  org.example.JdbcSudokuBoardDao - Added field
2025-01-15 22:21:08 [JavaFX Application Thread] INFO  org.example.JdbcSudokuBoardDao - Added field
2025-01-15 22:21:08 [JavaFX Application Thread] INFO  org.example.JdbcSudokuBoardDao - Added field
2025-01-15 23:42:51 [JavaFX Application Thread] INFO  org.example.FileSudokuBoardDao - Directory already exists: C:\Users\lukas\Downloads
2025-01-15 23:42:51 [JavaFX Application Thread] INFO  org.example.JdbcSudokuBoardDao - Inserts created
2025-01-15 23:42:51 [JavaFX Application Thread] INFO  org.example.JdbcSudokuBoardDao - statements prepared
2025-01-15 23:42:51 [JavaFX Application Thread] INFO  org.example.JdbcSudokuBoardDao - Added field
2025-01-15 23:42:51 [JavaFX Application Thread] INFO  org.example.JdbcSudokuBoardDao - Added field
2025-01-15 23:42:51 [JavaFX Application Thread] INFO  org.example.JdbcSudokuBoardDao - Added field
2025-01-15 23:42:51 [JavaFX Application Thread] INFO  org.example.JdbcSudokuBoardDao - Added field
2025-01-15 23:42:51 [JavaFX Application Thread] INFO  org.example.JdbcSudokuBoardDao - Added field
2025-01-15 23:42:51 [JavaFX Application Thread] INFO  org.example.JdbcSudokuBoardDao - Added field
2025-01-15 23:42:51 [JavaFX Application Thread] INFO  org.example.JdbcSudokuBoardDao - Added field
2025-01-15 23:42:51 [JavaFX Application Thread] INFO  org.example.JdbcSudokuBoardDao - Added field
2025-01-15 23:42:51 [JavaFX Application Thread] INFO  org.example.JdbcSudokuBoardDao - Added field
2025-01-15 23:42:51 [JavaFX Application Thread] INFO  org.example.JdbcSudokuBoardDao - Added field
2025-01-15 23:42:51 [JavaFX Application Thread] INFO  org.example.JdbcSudokuBoardDao - Added field
2025-01-15 23:42:51 [JavaFX Application Thread] INFO  org.example.JdbcSudokuBoardDao - Added field
2025-01-15 23:42:51 [JavaFX Application Thread] INFO  org.example.JdbcSudokuBoardDao - Added field
2025-01-15 23:42:51 [JavaFX Application Thread] INFO  org.example.JdbcSudokuBoardDao - Added field
2025-01-15 23:42:51 [JavaFX Application Thread] INFO  org.example.JdbcSudokuBoardDao - Added field
2025-01-15 23:42:51 [JavaFX Application Thread] INFO  org.example.JdbcSudokuBoardDao - Added field
2025-01-15 23:42:51 [JavaFX Application Thread] INFO  org.example.JdbcSudokuBoardDao - Added field
2025-01-15 23:42:51 [JavaFX Application Thread] INFO  org.example.JdbcSudokuBoardDao - Added field
2025-01-15 23:42:51 [JavaFX Application Thread] INFO  org.example.JdbcSudokuBoardDao - Added field
2025-01-15 23:42:51 [JavaFX Application Thread] INFO  org.example.JdbcSudokuBoardDao - Added field
2025-01-15 23:42:51 [JavaFX Application Thread] INFO  org.example.JdbcSudokuBoardDao - Added field
2025-01-15 23:42:51 [JavaFX Application Thread] INFO  org.example.JdbcSudokuBoardDao - Added field
2025-01-15 23:42:51 [JavaFX Application Thread] INFO  org.example.JdbcSudokuBoardDao - Added field
2025-01-15 23:42:51 [JavaFX Application Thread] INFO  org.example.JdbcSudokuBoardDao - Added field
2025-01-15 23:42:51 [JavaFX Application Thread] INFO  org.example.JdbcSudokuBoardDao - Added field
2025-01-15 23:42:51 [JavaFX Application Thread] INFO  org.example.JdbcSudokuBoardDao - Added field
2025-01-15 23:42:51 [JavaFX Application Thread] INFO  org.example.JdbcSudokuBoardDao - Added field
2025-01-15 23:42:51 [JavaFX Application Thread] INFO  org.example.JdbcSudokuBoardDao - Added field
2025-01-15 23:42:51 [JavaFX Application Thread] INFO  org.example.JdbcSudokuBoardDao - Added field
2025-01-15 23:42:51 [JavaFX Application Thread] INFO  org.example.JdbcSudokuBoardDao - Added field
2025-01-15 23:42:51 [JavaFX Application Thread] INFO  org.example.JdbcSudokuBoardDao - Added field
2025-01-15 23:42:51 [JavaFX Application Thread] INFO  org.example.JdbcSudokuBoardDao - Added field
2025-01-15 23:42:51 [JavaFX Application Thread] INFO  org.example.JdbcSudokuBoardDao - Added field
2025-01-15 23:42:51 [JavaFX Application Thread] INFO  org.example.JdbcSudokuBoardDao - Added field
2025-01-15 23:42:51 [JavaFX Application Thread] INFO  org.example.JdbcSudokuBoardDao - Added field
2025-01-15 23:42:51 [JavaFX Application Thread] INFO  org.example.JdbcSudokuBoardDao - Added field
2025-01-15 23:42:51 [JavaFX Application Thread] INFO  org.example.JdbcSudokuBoardDao - Added field
2025-01-15 23:42:51 [JavaFX Application Thread] INFO  org.example.JdbcSudokuBoardDao - Added field
2025-01-15 23:42:51 [JavaFX Application Thread] INFO  org.example.JdbcSudokuBoardDao - Added field
2025-01-15 23:42:51 [JavaFX Application Thread] INFO  org.example.JdbcSudokuBoardDao - Added field
2025-01-15 23:42:51 [JavaFX Application Thread] INFO  org.example.JdbcSudokuBoardDao - Added field
2025-01-15 23:42:51 [JavaFX Application Thread] INFO  org.example.JdbcSudokuBoardDao - Added field
2025-01-15 23:42:51 [JavaFX Application Thread] INFO  org.example.JdbcSudokuBoardDao - Added field
2025-01-15 23:42:51 [JavaFX Application Thread] INFO  org.example.JdbcSudokuBoardDao - Added field
2025-01-15 23:42:51 [JavaFX Application Thread] INFO  org.example.JdbcSudokuBoardDao - Added field
2025-01-15 23:42:51 [JavaFX Application Thread] INFO  org.example.JdbcSudokuBoardDao - Added field
2025-01-15 23:42:51 [JavaFX Application Thread] INFO  org.example.JdbcSudokuBoardDao - Added field
2025-01-15 23:42:51 [JavaFX Application Thread] INFO  org.example.JdbcSudokuBoardDao - Added field
2025-01-15 23:42:51 [JavaFX Application Thread] INFO  org.example.JdbcSudokuBoardDao - Added field
2025-01-15 23:42:51 [JavaFX Application Thread] INFO  org.example.JdbcSudokuBoardDao - Added field
2025-01-15 23:42:51 [JavaFX Application Thread] INFO  org.example.JdbcSudokuBoardDao - Added field
2025-01-15 23:42:51 [JavaFX Application Thread] INFO  org.example.JdbcSudokuBoardDao - Added field
2025-01-15 23:42:51 [JavaFX Application Thread] INFO  org.example.JdbcSudokuBoardDao - Added field
2025-01-15 23:42:51 [JavaFX Application Thread] INFO  org.example.JdbcSudokuBoardDao - Added field
2025-01-15 23:42:51 [JavaFX Application Thread] INFO  org.example.JdbcSudokuBoardDao - Added field
2025-01-15 23:42:51 [JavaFX Application Thread] INFO  org.example.JdbcSudokuBoardDao - Added field
2025-01-15 23:42:51 [JavaFX Application Thread] INFO  org.example.JdbcSudokuBoardDao - Added field
2025-01-15 23:42:51 [JavaFX Application Thread] INFO  org.example.JdbcSudokuBoardDao - Added field
2025-01-15 23:42:51 [JavaFX Application Thread] INFO  org.example.JdbcSudokuBoardDao - Added field
2025-01-15 23:42:51 [JavaFX Application Thread] INFO  org.example.JdbcSudokuBoardDao - Added field
2025-01-15 23:42:51 [JavaFX Application Thread] INFO  org.example.JdbcSudokuBoardDao - Added field
2025-01-15 23:42:51 [JavaFX Application Thread] INFO  org.example.JdbcSudokuBoardDao - Added field
2025-01-15 23:42:51 [JavaFX Application Thread] INFO  org.example.JdbcSudokuBoardDao - Added field
2025-01-15 23:42:51 [JavaFX Application Thread] INFO  org.example.JdbcSudokuBoardDao - Added field
2025-01-15 23:42:51 [JavaFX Application Thread] INFO  org.example.JdbcSudokuBoardDao - Added field
2025-01-15 23:42:51 [JavaFX Application Thread] INFO  org.example.JdbcSudokuBoardDao - Added field
2025-01-15 23:42:51 [JavaFX Application Thread] INFO  org.example.JdbcSudokuBoardDao - Added field
2025-01-15 23:42:51 [JavaFX Application Thread] INFO  org.example.JdbcSudokuBoardDao - Added field
2025-01-15 23:42:51 [JavaFX Application Thread] INFO  org.example.JdbcSudokuBoardDao - Added field
2025-01-15 23:42:51 [JavaFX Application Thread] INFO  org.example.JdbcSudokuBoardDao - Added field
2025-01-15 23:42:51 [JavaFX Application Thread] INFO  org.example.JdbcSudokuBoardDao - Added field
2025-01-15 23:42:51 [JavaFX Application Thread] INFO  org.example.JdbcSudokuBoardDao - Added field
2025-01-15 23:42:51 [JavaFX Application Thread] INFO  org.example.JdbcSudokuBoardDao - Added field
2025-01-15 23:42:51 [JavaFX Application Thread] INFO  org.example.JdbcSudokuBoardDao - Added field
2025-01-15 23:42:51 [JavaFX Application Thread] INFO  org.example.JdbcSudokuBoardDao - Added field
2025-01-15 23:42:51 [JavaFX Application Thread] INFO  org.example.JdbcSudokuBoardDao - Added field
2025-01-15 23:42:51 [JavaFX Application Thread] INFO  org.example.JdbcSudokuBoardDao - Added field
2025-01-15 23:42:51 [JavaFX Application Thread] INFO  org.example.JdbcSudokuBoardDao - Added field
2025-01-15 23:42:51 [JavaFX Application Thread] INFO  org.example.JdbcSudokuBoardDao - Added field
2025-01-15 23:42:51 [JavaFX Application Thread] INFO  org.example.JdbcSudokuBoardDao - Added field
2025-01-15 23:42:51 [JavaFX Application Thread] INFO  org.example.JdbcSudokuBoardDao - Added field
2025-01-15 23:43:22 [JavaFX Application Thread] INFO  org.example.FileSudokuBoardDao - Directory already exists: C:\Users\lukas\Downloads
2025-01-15 23:43:22 [JavaFX Application Thread] INFO  org.example.JdbcSudokuBoardDao - Inserts created
2025-01-15 23:43:22 [JavaFX Application Thread] INFO  org.example.JdbcSudokuBoardDao - statements prepared
2025-01-15 23:43:22 [JavaFX Application Thread] INFO  org.example.JdbcSudokuBoardDao - Added field
2025-01-15 23:43:22 [JavaFX Application Thread] INFO  org.example.JdbcSudokuBoardDao - Added field
2025-01-15 23:43:22 [JavaFX Application Thread] INFO  org.example.JdbcSudokuBoardDao - Added field
2025-01-15 23:43:22 [JavaFX Application Thread] INFO  org.example.JdbcSudokuBoardDao - Added field
2025-01-15 23:43:22 [JavaFX Application Thread] INFO  org.example.JdbcSudokuBoardDao - Added field
2025-01-15 23:43:22 [JavaFX Application Thread] INFO  org.example.JdbcSudokuBoardDao - Added field
2025-01-15 23:43:22 [JavaFX Application Thread] INFO  org.example.JdbcSudokuBoardDao - Added field
2025-01-15 23:43:22 [JavaFX Application Thread] INFO  org.example.JdbcSudokuBoardDao - Added field
2025-01-15 23:43:22 [JavaFX Application Thread] INFO  org.example.JdbcSudokuBoardDao - Added field
2025-01-15 23:43:22 [JavaFX Application Thread] INFO  org.example.JdbcSudokuBoardDao - Added field
2025-01-15 23:43:22 [JavaFX Application Thread] INFO  org.example.JdbcSudokuBoardDao - Added field
2025-01-15 23:43:22 [JavaFX Application Thread] INFO  org.example.JdbcSudokuBoardDao - Added field
2025-01-15 23:43:22 [JavaFX Application Thread] INFO  org.example.JdbcSudokuBoardDao - Added field
2025-01-15 23:43:22 [JavaFX Application Thread] INFO  org.example.JdbcSudokuBoardDao - Added field
2025-01-15 23:43:22 [JavaFX Application Thread] INFO  org.example.JdbcSudokuBoardDao - Added field
2025-01-15 23:43:22 [JavaFX Application Thread] INFO  org.example.JdbcSudokuBoardDao - Added field
2025-01-15 23:43:22 [JavaFX Application Thread] INFO  org.example.JdbcSudokuBoardDao - Added field
2025-01-15 23:43:22 [JavaFX Application Thread] INFO  org.example.JdbcSudokuBoardDao - Added field
2025-01-15 23:43:22 [JavaFX Application Thread] INFO  org.example.JdbcSudokuBoardDao - Added field
2025-01-15 23:43:22 [JavaFX Application Thread] INFO  org.example.JdbcSudokuBoardDao - Added field
2025-01-15 23:43:22 [JavaFX Application Thread] INFO  org.example.JdbcSudokuBoardDao - Added field
2025-01-15 23:43:22 [JavaFX Application Thread] INFO  org.example.JdbcSudokuBoardDao - Added field
2025-01-15 23:43:22 [JavaFX Application Thread] INFO  org.example.JdbcSudokuBoardDao - Added field
2025-01-15 23:43:22 [JavaFX Application Thread] INFO  org.example.JdbcSudokuBoardDao - Added field
2025-01-15 23:43:22 [JavaFX Application Thread] INFO  org.example.JdbcSudokuBoardDao - Added field
2025-01-15 23:43:22 [JavaFX Application Thread] INFO  org.example.JdbcSudokuBoardDao - Added field
2025-01-15 23:43:22 [JavaFX Application Thread] INFO  org.example.JdbcSudokuBoardDao - Added field
2025-01-15 23:43:22 [JavaFX Application Thread] INFO  org.example.JdbcSudokuBoardDao - Added field
2025-01-15 23:43:22 [JavaFX Application Thread] INFO  org.example.JdbcSudokuBoardDao - Added field
2025-01-15 23:43:22 [JavaFX Application Thread] INFO  org.example.JdbcSudokuBoardDao - Added field
2025-01-15 23:43:22 [JavaFX Application Thread] INFO  org.example.JdbcSudokuBoardDao - Added field
2025-01-15 23:43:22 [JavaFX Application Thread] INFO  org.example.JdbcSudokuBoardDao - Added field
2025-01-15 23:43:22 [JavaFX Application Thread] INFO  org.example.JdbcSudokuBoardDao - Added field
2025-01-15 23:43:22 [JavaFX Application Thread] INFO  org.example.JdbcSudokuBoardDao - Added field
2025-01-15 23:43:22 [JavaFX Application Thread] INFO  org.example.JdbcSudokuBoardDao - Added field
2025-01-15 23:43:22 [JavaFX Application Thread] INFO  org.example.JdbcSudokuBoardDao - Added field
2025-01-15 23:43:22 [JavaFX Application Thread] INFO  org.example.JdbcSudokuBoardDao - Added field
2025-01-15 23:43:22 [JavaFX Application Thread] INFO  org.example.JdbcSudokuBoardDao - Added field
2025-01-15 23:43:22 [JavaFX Application Thread] INFO  org.example.JdbcSudokuBoardDao - Added field
2025-01-15 23:43:22 [JavaFX Application Thread] INFO  org.example.JdbcSudokuBoardDao - Added field
2025-01-15 23:43:22 [JavaFX Application Thread] INFO  org.example.JdbcSudokuBoardDao - Added field
2025-01-15 23:43:22 [JavaFX Application Thread] INFO  org.example.JdbcSudokuBoardDao - Added field
2025-01-15 23:43:22 [JavaFX Application Thread] INFO  org.example.JdbcSudokuBoardDao - Added field
2025-01-15 23:43:22 [JavaFX Application Thread] INFO  org.example.JdbcSudokuBoardDao - Added field
2025-01-15 23:43:22 [JavaFX Application Thread] INFO  org.example.JdbcSudokuBoardDao - Added field
2025-01-15 23:43:22 [JavaFX Application Thread] INFO  org.example.JdbcSudokuBoardDao - Added field
2025-01-15 23:43:22 [JavaFX Application Thread] INFO  org.example.JdbcSudokuBoardDao - Added field
2025-01-15 23:43:22 [JavaFX Application Thread] INFO  org.example.JdbcSudokuBoardDao - Added field
2025-01-15 23:43:22 [JavaFX Application Thread] INFO  org.example.JdbcSudokuBoardDao - Added field
2025-01-15 23:43:22 [JavaFX Application Thread] INFO  org.example.JdbcSudokuBoardDao - Added field
2025-01-15 23:43:22 [JavaFX Application Thread] INFO  org.example.JdbcSudokuBoardDao - Added field
2025-01-15 23:43:22 [JavaFX Application Thread] INFO  org.example.JdbcSudokuBoardDao - Added field
2025-01-15 23:43:22 [JavaFX Application Thread] INFO  org.example.JdbcSudokuBoardDao - Added field
2025-01-15 23:43:22 [JavaFX Application Thread] INFO  org.example.JdbcSudokuBoardDao - Added field
2025-01-15 23:43:22 [JavaFX Application Thread] INFO  org.example.JdbcSudokuBoardDao - Added field
2025-01-15 23:43:22 [JavaFX Application Thread] INFO  org.example.JdbcSudokuBoardDao - Added field
2025-01-15 23:43:22 [JavaFX Application Thread] INFO  org.example.JdbcSudokuBoardDao - Added field
2025-01-15 23:43:22 [JavaFX Application Thread] INFO  org.example.JdbcSudokuBoardDao - Added field
2025-01-15 23:43:22 [JavaFX Application Thread] INFO  org.example.JdbcSudokuBoardDao - Added field
2025-01-15 23:43:22 [JavaFX Application Thread] INFO  org.example.JdbcSudokuBoardDao - Added field
2025-01-15 23:43:22 [JavaFX Application Thread] INFO  org.example.JdbcSudokuBoardDao - Added field
2025-01-15 23:43:22 [JavaFX Application Thread] INFO  org.example.JdbcSudokuBoardDao - Added field
2025-01-15 23:43:22 [JavaFX Application Thread] INFO  org.example.JdbcSudokuBoardDao - Added field
2025-01-15 23:43:22 [JavaFX Application Thread] INFO  org.example.JdbcSudokuBoardDao - Added field
2025-01-15 23:43:22 [JavaFX Application Thread] INFO  org.example.JdbcSudokuBoardDao - Added field
2025-01-15 23:43:22 [JavaFX Application Thread] INFO  org.example.JdbcSudokuBoardDao - Added field
2025-01-15 23:43:22 [JavaFX Application Thread] INFO  org.example.JdbcSudokuBoardDao - Added field
2025-01-15 23:43:22 [JavaFX Application Thread] INFO  org.example.JdbcSudokuBoardDao - Added field
2025-01-15 23:43:22 [JavaFX Application Thread] INFO  org.example.JdbcSudokuBoardDao - Added field
2025-01-15 23:43:22 [JavaFX Application Thread] INFO  org.example.JdbcSudokuBoardDao - Added field
2025-01-15 23:43:22 [JavaFX Application Thread] INFO  org.example.JdbcSudokuBoardDao - Added field
2025-01-15 23:43:22 [JavaFX Application Thread] INFO  org.example.JdbcSudokuBoardDao - Added field
2025-01-15 23:43:22 [JavaFX Application Thread] INFO  org.example.JdbcSudokuBoardDao - Added field
2025-01-15 23:43:22 [JavaFX Application Thread] INFO  org.example.JdbcSudokuBoardDao - Added field
2025-01-15 23:43:22 [JavaFX Application Thread] INFO  org.example.JdbcSudokuBoardDao - Added field
2025-01-15 23:43:22 [JavaFX Application Thread] INFO  org.example.JdbcSudokuBoardDao - Added field
2025-01-15 23:43:22 [JavaFX Application Thread] INFO  org.example.JdbcSudokuBoardDao - Added field
2025-01-15 23:43:22 [JavaFX Application Thread] INFO  org.example.JdbcSudokuBoardDao - Added field
2025-01-15 23:43:22 [JavaFX Application Thread] INFO  org.example.JdbcSudokuBoardDao - Added field
2025-01-15 23:43:22 [JavaFX Application Thread] INFO  org.example.JdbcSudokuBoardDao - Added field
2025-01-15 23:43:22 [JavaFX Application Thread] INFO  org.example.JdbcSudokuBoardDao - Added field
2025-01-15 23:52:41 [JavaFX Application Thread] INFO  org.example.FileSudokuBoardDao - Directory already exists: C:\Users\lukas\Downloads
2025-01-15 23:52:41 [JavaFX Application Thread] INFO  org.example.JdbcSudokuBoardDao - Inserts created
2025-01-15 23:54:09 [JavaFX Application Thread] INFO  org.example.FileSudokuBoardDao - Directory already exists: C:\Users\lukas\Downloads
2025-01-15 23:54:09 [JavaFX Application Thread] INFO  org.example.JdbcSudokuBoardDao - Inserts created
2025-01-16 00:45:48 [JavaFX Application Thread] INFO  org.example.view.SudokuGui - Sudoku Game Started
2025-01-16 00:46:10 [JavaFX Application Thread] INFO  org.example.view.SudokuGui - Sudoku Game Started
2025-01-16 00:46:19 [JavaFX Application Thread] INFO  org.example.FileSudokuBoardDao - Directory already exists: C:\Users\lukas\Downloads
2025-01-16 00:46:19 [JavaFX Application Thread] INFO  org.example.JdbcSudokuBoardDao - Inserts created
2025-01-16 00:46:19 [JavaFX Application Thread] INFO  org.example.JdbcSudokuBoardDao - Statements prepared
2025-01-16 00:46:19 [JavaFX Application Thread] INFO  org.example.JdbcSudokuBoardDao - Fields added
2025-01-16 02:14:15 [JavaFX Application Thread] INFO  org.example.view.SudokuGui - Sudoku Game Started
2025-01-16 02:17:19 [JavaFX Application Thread] INFO  org.example.view.SudokuGui - Sudoku Game Started
2025-01-16 02:46:02 [JavaFX Application Thread] INFO  org.example.view.SudokuGui - Sudoku Game Started
2025-01-16 02:46:22 [JavaFX Application Thread] INFO  org.example.view.SudokuGui - Sudoku Game Started
2025-01-16 02:47:53 [JavaFX Application Thread] INFO  org.example.view.SudokuGui - Sudoku Game Started
2025-01-16 03:12:51 [JavaFX Application Thread] INFO  org.example.view.SudokuGui - Sudoku Game Started
